<?xml version="1.0" encoding="UTF-8"?>
<!-- Generated by org.testng.reporters.JUnitReportReporter -->
<testsuite hostname="DESKTOP-OENNOO4" failures="0" tests="1" name="test.TC2_Logout_Verification" time="5.732" errors="0" timestamp="2022-10-30T18:47:26 IST" skipped="0">
  <testcase classname="test.TC2_Logout_Verification" name="verifyLOgOutFunctionality" time="5.732"/>
  <system-out/>
</testsuite> <!-- test.TC2_Logout_Verification -->
