<?xml version="1.0" encoding="UTF-8"?>
<!-- Generated by org.testng.reporters.JUnitReportReporter -->
<testsuite hostname="DESKTOP-OENNOO4" failures="0" tests="1" name="test.TC4_Allproduct_Verification" time="8.965" errors="0" timestamp="2022-10-30T18:47:26 IST" skipped="0">
  <testcase classname="test.TC4_Allproduct_Verification" name="verifyAllProductFunctionality" time="8.965"/>
  <system-out/>
</testsuite> <!-- test.TC4_Allproduct_Verification -->
